<?xml version="1.0" encoding="UTF-8"?>
<!-- Generated by org.testng.reporters.JUnitReportReporter -->
<testsuite hostname="LAPTOP-99HITVJM" failures="0" tests="1" name="TestFolder.TestRun" time="20.140" errors="0" timestamp="2025-02-26T19:41:19 IST" skipped="0">
  <testcase classname="TestFolder.TestRun" name="testRun" time="20.140"/>
</testsuite> <!-- TestFolder.TestRun -->
