<?xml version="1.0" encoding="UTF-8"?>
<!-- Generated by org.testng.reporters.JUnitReportReporter -->
<testsuite hostname="LAPTOP-99HITVJM" failures="0" tests="1" name="TestFolder.TestRun" time="22.473" errors="0" timestamp="2025-03-19T22:06:49 IST" skipped="0">
  <testcase classname="TestFolder.TestRun" name="testRun" time="22.473"/>
</testsuite> <!-- TestFolder.TestRun -->
