<?xml version="1.0" encoding="UTF-8"?>
<!-- Generated by org.testng.reporters.JUnitReportReporter -->
<testsuite hostname="LAPTOP-99HITVJM" failures="0" tests="1" name="TestFolder.TestRun" time="12.206" errors="0" timestamp="2025-01-04T14:03:17 IST" skipped="0">
  <testcase classname="TestFolder.TestRun" name="testRun" time="12.206"/>
</testsuite> <!-- TestFolder.TestRun -->
