<?xml version="1.0" encoding="UTF-8"?>
<!-- Generated by org.testng.reporters.JUnitReportReporter -->
<testsuite hostname="LAPTOP-99HITVJM" failures="0" tests="1" name="TestFolder.TestRun" time="17.745" errors="0" timestamp="2025-03-19T19:32:02 IST" skipped="0">
  <testcase classname="TestFolder.TestRun" name="testRun" time="17.745"/>
</testsuite> <!-- TestFolder.TestRun -->
