<?xml version="1.0" encoding="UTF-8"?>
<!-- Generated by org.testng.reporters.JUnitReportReporter -->
<testsuite hostname="LAPTOP-99HITVJM" failures="0" tests="1" name="TestFolder.TestRun" time="20.141" errors="0" timestamp="2025-03-19T19:34:21 IST" skipped="0">
  <testcase classname="TestFolder.TestRun" name="testRun" time="20.141"/>
</testsuite> <!-- TestFolder.TestRun -->
